d:\вуз\lab7\lab7\debug\lab7.pch
d:\вуз\lab7\lab7\debug\vc141.pdb
d:\вуз\lab7\lab7\debug\vc141.idb
d:\вуз\lab7\lab7\debug\pch.obj
d:\вуз\lab7\lab7\debug\lab7.obj
d:\вуз\lab7_1\lab7\debug\lab7.pch
d:\вуз\lab7_1\lab7\debug\vc141.pdb
d:\вуз\lab7_1\lab7\debug\vc141.idb
d:\вуз\lab7_1\lab7\debug\pch.obj
d:\вуз\lab7_1\lab7\debug\lab7.obj
d:\вуз\lab7\debug\lab7.exe
d:\вуз\lab7\debug\lab7.ilk
d:\вуз\lab7\debug\lab7.pdb
d:\вуз\lab7_1\debug\lab7.exe
d:\вуз\lab7_1\debug\lab7.ilk
d:\вуз\lab7_1\debug\lab7.pdb
d:\вуз\lab7_1\lab7\debug\lab7.tlog\cl.command.1.tlog
d:\вуз\lab7_1\lab7\debug\lab7.tlog\cl.read.1.tlog
d:\вуз\lab7_1\lab7\debug\lab7.tlog\cl.write.1.tlog
d:\вуз\lab7_1\lab7\debug\lab7.tlog\link.command.1.tlog
d:\вуз\lab7_1\lab7\debug\lab7.tlog\link.read.1.tlog
d:\вуз\lab7_1\lab7\debug\lab7.tlog\link.write.1.tlog
